<?xml version="1.0" encoding="UTF-8"?>
<!-- Generated by org.testng.reporters.JUnitXMLReporter -->
<testsuite ignored="2" hostname="Spark-PC" failures="0" tests="3" name="Test" time="14.169" errors="0" timestamp="2022-01-07T21:31:37 IST">
  <testcase classname="TestNGAutomation.ForgetPasswordFunctionality" name="forgetPassword" time="3.069"/>
  <testcase classname="TestNGAutomation.LoginPageHomePageVerification" name="loginPage" time="11.015"/>
  <testcase classname="TestNGAutomation.LoginPageHomePageVerification" name="homePageVerification" time="0.024"/>
  <testcase classname="TestNGAutomation.LaunchBrowser" name="@BeforeSuite launchChrome" time="0.0">
    <ignored/>
  </testcase> <!-- @BeforeSuite launchChrome -->
  <testcase classname="TestNGAutomation.LaunchBrowser" name="@AfterSuite closeChrome" time="0.0">
    <ignored/>
  </testcase> <!-- @AfterSuite closeChrome -->
</testsuite> <!-- Test -->
