<?xml version="1.0" encoding="UTF-8"?>
<testng-results ignored="2" total="5" passed="3" failed="0" skipped="0">
  <reporter-output>
  </reporter-output>
  <suite started-at="2022-01-07T21:31:22 IST" name="Suite" finished-at="2022-01-07T21:31:37 IST" duration-ms="14169">
    <groups>
    </groups>
    <test started-at="2022-01-07T21:31:22 IST" name="Test" finished-at="2022-01-07T21:31:37 IST" duration-ms="14169">
      <class name="TestNGAutomation.ForgetPasswordFunctionality">
        <test-method is-config="true" signature="launchChrome()[pri:0, instance:TestNGAutomation.ForgetPasswordFunctionality@79924b]" started-at="2022-01-07T21:31:07 IST" name="launchChrome" finished-at="2022-01-07T21:31:22 IST" duration-ms="15791" status="PASS">
          <reporter-output>
          </reporter-output>
        </test-method> <!-- launchChrome -->
        <test-method signature="forgetPassword()[pri:0, instance:TestNGAutomation.ForgetPasswordFunctionality@79924b]" started-at="2022-01-07T21:31:22 IST" name="forgetPassword" finished-at="2022-01-07T21:31:25 IST" duration-ms="3069" status="PASS">
          <reporter-output>
          </reporter-output>
        </test-method> <!-- forgetPassword -->
        <test-method is-config="true" signature="closeChrome()[pri:0, instance:TestNGAutomation.ForgetPasswordFunctionality@79924b]" started-at="2022-01-07T21:31:37 IST" name="closeChrome" finished-at="2022-01-07T21:31:37 IST" duration-ms="692" status="PASS">
          <reporter-output>
          </reporter-output>
        </test-method> <!-- closeChrome -->
      </class> <!-- TestNGAutomation.ForgetPasswordFunctionality -->
      <class name="TestNGAutomation.LoginPageHomePageVerification">
        <test-method signature="loginPage()[pri:0, instance:TestNGAutomation.LoginPageHomePageVerification@1aa7ecca]" started-at="2022-01-07T21:31:25 IST" name="loginPage" finished-at="2022-01-07T21:31:36 IST" duration-ms="11015" status="PASS">
          <reporter-output>
          </reporter-output>
        </test-method> <!-- loginPage -->
        <test-method signature="homePageVerification()[pri:0, instance:TestNGAutomation.LoginPageHomePageVerification@1aa7ecca]" started-at="2022-01-07T21:31:36 IST" name="homePageVerification" finished-at="2022-01-07T21:31:37 IST" duration-ms="24" status="PASS">
          <reporter-output>
          </reporter-output>
        </test-method> <!-- homePageVerification -->
      </class> <!-- TestNGAutomation.LoginPageHomePageVerification -->
    </test> <!-- Test -->
  </suite> <!-- Suite -->
</testng-results>
